# JRE version: Java(TM) SE Runtime Environment (19.0.2+7) (build 19.0.2+7-44)
# Java VM: Java HotSpot(TM) 64-Bit Server VM (19.0.2+7-44, mixed mode, sharing, tiered, compressed oops, compressed class ptrs, g1 gc, windows-amd64)
GC Precious Log:
 CardTable entry size: 512
 Card Set container configuration: InlinePtr #cards 5 size 8 Array Of Cards #cards 12 size 40 Howl #buckets 4 coarsen threshold 1843 Howl Bitmap #cards 512 size 80 coarsen threshold 460 Card regions per heap region 1 cards per card region 2048
 CPUs: 8 total, 8 available
 Memory: 7959M
 Large Page Support: Disabled
 NUMA Support: Disabled
 Compressed Oops: Enabled (32-bit)
 Heap Region Size: 1M
 Heap Min Capacity: 8M
 Heap Initial Capacity: 126M
 Heap Max Capacity: 1990M
 Pre-touch: Disabled
 Parallel Workers: 8
 Concurrent Workers: 2
 Concurrent Refinement Workers: 8
 Periodic GC: Disabled
Heap:
 garbage-first heap   total 122880K, used 86070K [0x0000000083a00000, 0x0000000100000000)
  region size 1024K, 53 young (54272K), 1 survivors (1024K)
 Metaspace       used 86681K, committed 87424K, reserved 1179648K
  class space    used 10967K, committed 11392K, reserved 1048576K
GC Heap History (20 events):
Event: 8889.310 GC heap before
{Heap before GC invocations=121 (full 0):
 garbage-first heap   total 122880K, used 106210K [0x0000000083a00000, 0x0000000100000000)
  region size 1024K, 72 young (73728K), 1 survivors (1024K)
 Metaspace       used 86671K, committed 87424K, reserved 1179648K
  class space    used 10966K, committed 11392K, reserved 1048576K
}
Event: 8889.313 GC heap after
{Heap after GC invocations=122 (full 0):
 garbage-first heap   total 147456K, used 34578K [0x0000000083a00000, 0x0000000100000000)
  region size 1024K, 1 young (1024K), 1 survivors (1024K)
 Metaspace       used 86671K, committed 87424K, reserved 1179648K
  class space    used 10966K, committed 11392K, reserved 1048576K
}
Event: 8893.520 GC heap before
{Heap before GC invocations=123 (full 0):
 garbage-first heap   total 126976K, used 108306K [0x0000000083a00000, 0x0000000100000000)
  region size 1024K, 74 young (75776K), 1 survivors (1024K)
 Metaspace       used 86677K, committed 87424K, reserved 1179648K
  class space    used 10966K, committed 11392K, reserved 1048576K
}
Event: 8893.522 GC heap after
{Heap after GC invocations=124 (full 0):
 garbage-first heap   total 126976K, used 34744K [0x0000000083a00000, 0x0000000100000000)
  region size 1024K, 1 young (1024K), 1 survivors (1024K)
 Metaspace       used 86677K, committed 87424K, reserved 1179648K
  class space    used 10966K, committed 11392K, reserved 1048576K
}
Event: 8893.658 GC heap before
{Heap before GC invocations=124 (full 0):
 garbage-first heap   total 126976K, used 39864K [0x0000000083a00000, 0x0000000100000000)
  region size 1024K, 6 young (6144K), 1 survivors (1024K)
 Metaspace       used 86677K, committed 87424K, reserved 1179648K
  class space    used 10966K, committed 11392K, reserved 1048576K
}
Event: 8893.660 GC heap after
{Heap after GC invocations=125 (full 0):
 garbage-first heap   total 126976K, used 34753K [0x0000000083a00000, 0x0000000100000000)
  region size 1024K, 1 young (1024K), 1 survivors (1024K)
 Metaspace       used 86677K, committed 87424K, reserved 1179648K
  class space    used 10966K, committed 11392K, reserved 1048576K
}
Event: 8895.976 GC heap before
{Heap before GC invocations=125 (full 0):
 garbage-first heap   total 126976K, used 108481K [0x0000000083a00000, 0x0000000100000000)
  region size 1024K, 74 young (75776K), 1 survivors (1024K)
 Metaspace       used 86678K, committed 87424K, reserved 1179648K
  class space    used 10966K, committed 11392K, reserved 1048576K
}
Event: 8895.978 GC heap after
{Heap after GC invocations=126 (full 0):
 garbage-first heap   total 126976K, used 34867K [0x0000000083a00000, 0x0000000100000000)
  region size 1024K, 1 young (1024K), 1 survivors (1024K)
 Metaspace       used 86678K, committed 87424K, reserved 1179648K
  class space    used 10966K, committed 11392K, reserved 1048576K
}
Event: 8898.334 GC heap before
{Heap before GC invocations=127 (full 0):
 garbage-first heap   total 126976K, used 108595K [0x0000000083a00000, 0x0000000100000000)
  region size 1024K, 74 young (75776K), 1 survivors (1024K)
 Metaspace       used 86678K, committed 87424K, reserved 1179648K
  class space    used 10966K, committed 11392K, reserved 1048576K
}
Event: 8898.335 GC heap after
{Heap after GC invocations=128 (full 0):
 garbage-first heap   total 126976K, used 34847K [0x0000000083a00000, 0x0000000100000000)
  region size 1024K, 1 young (1024K), 1 survivors (1024K)
 Metaspace       used 86678K, committed 87424K, reserved 1179648K
  class space    used 10966K, committed 11392K, reserved 1048576K
}
Event: 8898.480 GC heap before
{Heap before GC invocations=128 (full 0):
 garbage-first heap   total 126976K, used 39967K [0x0000000083a00000, 0x0000000100000000)
  region size 1024K, 6 young (6144K), 1 survivors (1024K)
 Metaspace       used 86678K, committed 87424K, reserved 1179648K
  class space    used 10966K, committed 11392K, reserved 1048576K
}
Event: 8898.482 GC heap after
{Heap after GC invocations=129 (full 0):
 garbage-first heap   total 126976K, used 34808K [0x0000000083a00000, 0x0000000100000000)
  region size 1024K, 1 young (1024K), 1 survivors (1024K)
 Metaspace       used 86678K, committed 87424K, reserved 1179648K
  class space    used 10966K, committed 11392K, reserved 1048576K
}
Event: 8900.843 GC heap before
{Heap before GC invocations=129 (full 0):
 garbage-first heap   total 126976K, used 108536K [0x0000000083a00000, 0x0000000100000000)
  region size 1024K, 74 young (75776K), 1 survivors (1024K)
 Metaspace       used 86678K, committed 87424K, reserved 1179648K
  class space    used 10966K, committed 11392K, reserved 1048576K
}
Event: 8900.845 GC heap after
{Heap after GC invocations=130 (full 0):
 garbage-first heap   total 126976K, used 34849K [0x0000000083a00000, 0x0000000100000000)
  region size 1024K, 1 young (1024K), 1 survivors (1024K)
 Metaspace       used 86678K, committed 87424K, reserved 1179648K
  class space    used 10966K, committed 11392K, reserved 1048576K
}
Event: 8903.600 GC heap before
{Heap before GC invocations=131 (full 0):
 garbage-first heap   total 122880K, used 106529K [0x0000000083a00000, 0x0000000100000000)
  region size 1024K, 72 young (73728K), 1 survivors (1024K)
 Metaspace       used 86678K, committed 87424K, reserved 1179648K
  class space    used 10966K, committed 11392K, reserved 1048576K
}
Event: 8903.601 GC heap after
{Heap after GC invocations=132 (full 0):
 garbage-first heap   total 122880K, used 34875K [0x0000000083a00000, 0x0000000100000000)
  region size 1024K, 1 young (1024K), 1 survivors (1024K)
 Metaspace       used 86678K, committed 87424K, reserved 1179648K
  class space    used 10966K, committed 11392K, reserved 1048576K
}
Event: 8904.574 GC heap before
{Heap before GC invocations=132 (full 0):
 garbage-first heap   total 122880K, used 39995K [0x0000000083a00000, 0x0000000100000000)
  region size 1024K, 6 young (6144K), 1 survivors (1024K)
 Metaspace       used 86679K, committed 87424K, reserved 1179648K
  class space    used 10967K, committed 11392K, reserved 1048576K
}
Event: 8904.576 GC heap after
{Heap after GC invocations=133 (full 0):
 garbage-first heap   total 122880K, used 34815K [0x0000000083a00000, 0x0000000100000000)
  region size 1024K, 1 young (1024K), 1 survivors (1024K)
 Metaspace       used 86679K, committed 87424K, reserved 1179648K
  class space    used 10967K, committed 11392K, reserved 1048576K
}
Event: 8906.864 GC heap before
{Heap before GC invocations=133 (full 0):
 garbage-first heap   total 122880K, used 106495K [0x0000000083a00000, 0x0000000100000000)
  region size 1024K, 72 young (73728K), 1 survivors (1024K)
 Metaspace       used 86679K, committed 87424K, reserved 1179648K
  class space    used 10967K, committed 11392K, reserved 1048576K
}
Event: 8906.866 GC heap after
{Heap after GC invocations=134 (full 0):
 garbage-first heap   total 122880K, used 34870K [0x0000000083a00000, 0x0000000100000000)
  region size 1024K, 1 young (1024K), 1 survivors (1024K)
 Metaspace       used 86679K, committed 87424K, reserved 1179648K
  class space    used 10967K, committed 11392K, reserved 1048576K
}

